<?xml version="1.0" encoding="UTF-8"?>
<!-- Generated by org.testng.reporters.JUnitReportReporter -->
<testsuite hostname="SATHEES" failures="0" tests="1" name="com.testcases.Logincase" time="23.100" errors="0" timestamp="2024-09-02T00:55:09 IST" skipped="0">
  <testcase classname="com.testcases.Logincase" name="login" time="23.100"/>
  <system-out/>
</testsuite> <!-- com.testcases.Logincase -->
